Build started 10/23/2012 6:27:46 PM.
     1>Project "D:\Sandbox\VS2010\LengthCalculator\LengthCalculator.vcxproj" on node 2 (build target(s)).
     1>InitializeBuildStatus:
         Creating "x64\Debug\LengthCalculator.unsuccessfulbuild" because "AlwaysCreate" was specified.
       ClCompile:
         C:\Program Files (x86)\Microsoft Visual Studio 10.0\VC\bin\x86_amd64\CL.exe /c /Zi /nologo /W3 /WX- /Od /D WIN32 /D _DEBUG /D _CONSOLE /D _UNICODE /D UNICODE /Gm /EHsc /RTC1 /MDd /GS /fp:precise /Zc:wchar_t /Zc:forScope /Fo"x64\Debug\\" /Fd"x64\Debug\vc100.pdb" /Gd /TP /errorReport:prompt source\ipBlobOperations.cpp source\ipMorph.cpp source\ipgetlength.cpp source\main.cpp
         Skipping... (no relevant changes detected)
         main.cpp
         ipgetlength.cpp
         ipMorph.cpp
         ipBlobOperations.cpp
       ManifestResourceCompile:
         C:\Program Files (x86)\Microsoft SDKs\Windows\v7.0A\bin\rc.exe /nologo /fo"x64\Debug\LengthCalculator.exe.embed.manifest.res" x64\Debug\LengthCalculator_manifest.rc 
       Link:
         C:\Program Files (x86)\Microsoft Visual Studio 10.0\VC\bin\x86_amd64\link.exe /ERRORREPORT:PROMPT /OUT:"D:\Sandbox\VS2010\LengthCalculator\x64\Debug\LengthCalculator.exe" /INCREMENTAL /NOLOGO /LIBPATH:c:\opencv\libs opencv_core242d.lib opencv_imgproc242d.lib opencv_highgui242d.lib opencv_ml242d.lib opencv_video242d.lib opencv_features2d242d.lib opencv_calib3d242d.lib opencv_objdetect242d.lib opencv_contrib242d.lib opencv_legacy242d.lib opencv_flann242d.lib kernel32.lib user32.lib gdi32.lib winspool.lib comdlg32.lib advapi32.lib shell32.lib ole32.lib oleaut32.lib uuid.lib odbc32.lib odbccp32.lib /MANIFEST /ManifestFile:"x64\Debug\LengthCalculator.exe.intermediate.manifest" /MANIFESTUAC:"level='asInvoker' uiAccess='false'" /DEBUG /PDB:"D:\Sandbox\VS2010\LengthCalculator\x64\Debug\LengthCalculator.pdb" /SUBSYSTEM:CONSOLE /TLBID:1 /DYNAMICBASE /NXCOMPAT /IMPLIB:"D:\Sandbox\VS2010\LengthCalculator\x64\Debug\LengthCalculator.lib" /MACHINE:X64 x64\Debug\LengthCalculator.exe.embed.manifest.res
         x64\Debug\demo.obj
         x64\Debug\ipBlobOperations.obj
         x64\Debug\ipCapture.obj
         x64\Debug\ipContourScanner.obj
         x64\Debug\ipFileRead.obj
         x64\Debug\ipBGFrameDiff.obj
         x64\Debug\ipgetlength.obj
         x64\Debug\ipMorph.obj
         x64\Debug\ipTransform.obj
         x64\Debug\main.obj
         LengthCalculator.vcxproj -> D:\Sandbox\VS2010\LengthCalculator\x64\Debug\LengthCalculator.exe
       Manifest:
         C:\Program Files (x86)\Microsoft SDKs\Windows\v7.0A\bin\mt.exe /nologo /verbose /out:"x64\Debug\LengthCalculator.exe.embed.manifest" /manifest x64\Debug\LengthCalculator.exe.intermediate.manifest
         All outputs are up-to-date.
       LinkEmbedManifest:
         All outputs are up-to-date.
         LengthCalculator.vcxproj -> D:\Sandbox\VS2010\LengthCalculator\x64\Debug\LengthCalculator.exe
       FinalizeBuildStatus:
         Deleting file "x64\Debug\LengthCalculator.unsuccessfulbuild".
         Touching "x64\Debug\LengthCalculator.lastbuildstate".
     1>Done Building Project "D:\Sandbox\VS2010\LengthCalculator\LengthCalculator.vcxproj" (build target(s)).

Build succeeded.

Time Elapsed 00:00:03.69
