d:\Sandbox\VS2010\LengthCalculator\x64\Debug\cl.command.1.tlog
d:\Sandbox\VS2010\LengthCalculator\x64\Debug\CL.read.1.tlog
d:\Sandbox\VS2010\LengthCalculator\x64\Debug\CL.write.1.tlog
D:\SANDBOX\VS2010\LENGTHCALCULATOR\X64\DEBUG\DEMO.OBJ
D:\SANDBOX\VS2010\LENGTHCALCULATOR\X64\DEBUG\IPBGFRAMEDIFF.OBJ
D:\SANDBOX\VS2010\LENGTHCALCULATOR\X64\DEBUG\IPBLOBOPERATIONS.OBJ
D:\SANDBOX\VS2010\LENGTHCALCULATOR\X64\DEBUG\IPCAPTURE.OBJ
D:\SANDBOX\VS2010\LENGTHCALCULATOR\X64\DEBUG\IPCONTOURSCANNER.OBJ
D:\SANDBOX\VS2010\LENGTHCALCULATOR\X64\DEBUG\IPFILEREAD.OBJ
D:\SANDBOX\VS2010\LENGTHCALCULATOR\X64\DEBUG\IPGETLENGTH.OBJ
D:\SANDBOX\VS2010\LENGTHCALCULATOR\X64\DEBUG\IPMORPH.OBJ
D:\SANDBOX\VS2010\LENGTHCALCULATOR\X64\DEBUG\IPTRANSFORM.OBJ
D:\SANDBOX\VS2010\LENGTHCALCULATOR\X64\DEBUG\LENGTHCALCULATOR.EXE
D:\SANDBOX\VS2010\LENGTHCALCULATOR\X64\DEBUG\LENGTHCALCULATOR.EXE.EMBED.MANIFEST
D:\SANDBOX\VS2010\LENGTHCALCULATOR\X64\DEBUG\LENGTHCALCULATOR.EXE.EMBED.MANIFEST.RES
D:\SANDBOX\VS2010\LENGTHCALCULATOR\X64\DEBUG\LENGTHCALCULATOR.EXE.INTERMEDIATE.MANIFEST
D:\SANDBOX\VS2010\LENGTHCALCULATOR\X64\DEBUG\LENGTHCALCULATOR.ILK
D:\SANDBOX\VS2010\LENGTHCALCULATOR\X64\DEBUG\LENGTHCALCULATOR.PDB
d:\Sandbox\VS2010\LengthCalculator\x64\Debug\LengthCalculator.write.1.tlog
d:\Sandbox\VS2010\LengthCalculator\x64\Debug\LengthCalculator_manifest.rc
d:\Sandbox\VS2010\LengthCalculator\x64\Debug\link.10432.read.1.tlog
d:\Sandbox\VS2010\LengthCalculator\x64\Debug\link.10432.write.1.tlog
d:\Sandbox\VS2010\LengthCalculator\x64\Debug\link.10432-cvtres.read.1.tlog
d:\Sandbox\VS2010\LengthCalculator\x64\Debug\link.10432-cvtres.write.1.tlog
d:\Sandbox\VS2010\LengthCalculator\x64\Debug\link.12148.read.1.tlog
d:\Sandbox\VS2010\LengthCalculator\x64\Debug\link.12148.write.1.tlog
d:\Sandbox\VS2010\LengthCalculator\x64\Debug\link.12148-cvtres.read.1.tlog
d:\Sandbox\VS2010\LengthCalculator\x64\Debug\link.12148-cvtres.write.1.tlog
d:\Sandbox\VS2010\LengthCalculator\x64\Debug\link.16424.read.1.tlog
d:\Sandbox\VS2010\LengthCalculator\x64\Debug\link.16424.write.1.tlog
d:\Sandbox\VS2010\LengthCalculator\x64\Debug\link.16424-cvtres.read.1.tlog
d:\Sandbox\VS2010\LengthCalculator\x64\Debug\link.16424-cvtres.write.1.tlog
d:\Sandbox\VS2010\LengthCalculator\x64\Debug\link.17144.read.1.tlog
d:\Sandbox\VS2010\LengthCalculator\x64\Debug\link.17144.write.1.tlog
d:\Sandbox\VS2010\LengthCalculator\x64\Debug\link.17144-cvtres.read.1.tlog
d:\Sandbox\VS2010\LengthCalculator\x64\Debug\link.17144-cvtres.write.1.tlog
d:\Sandbox\VS2010\LengthCalculator\x64\Debug\link.18016.read.1.tlog
d:\Sandbox\VS2010\LengthCalculator\x64\Debug\link.18016.write.1.tlog
d:\Sandbox\VS2010\LengthCalculator\x64\Debug\link.18016-cvtres.read.1.tlog
d:\Sandbox\VS2010\LengthCalculator\x64\Debug\link.18016-cvtres.write.1.tlog
d:\Sandbox\VS2010\LengthCalculator\x64\Debug\link.20268.read.1.tlog
d:\Sandbox\VS2010\LengthCalculator\x64\Debug\link.20268.write.1.tlog
d:\Sandbox\VS2010\LengthCalculator\x64\Debug\link.20268-cvtres.read.1.tlog
d:\Sandbox\VS2010\LengthCalculator\x64\Debug\link.20268-cvtres.write.1.tlog
d:\Sandbox\VS2010\LengthCalculator\x64\Debug\link.22296.read.1.tlog
d:\Sandbox\VS2010\LengthCalculator\x64\Debug\link.22296.write.1.tlog
d:\Sandbox\VS2010\LengthCalculator\x64\Debug\link.22296-cvtres.read.1.tlog
d:\Sandbox\VS2010\LengthCalculator\x64\Debug\link.22296-cvtres.write.1.tlog
d:\Sandbox\VS2010\LengthCalculator\x64\Debug\link.7728.read.1.tlog
d:\Sandbox\VS2010\LengthCalculator\x64\Debug\link.7728.write.1.tlog
d:\Sandbox\VS2010\LengthCalculator\x64\Debug\link.7728-cvtres.read.1.tlog
d:\Sandbox\VS2010\LengthCalculator\x64\Debug\link.7728-cvtres.write.1.tlog
d:\Sandbox\VS2010\LengthCalculator\x64\Debug\link.8884.read.1.tlog
d:\Sandbox\VS2010\LengthCalculator\x64\Debug\link.8884.write.1.tlog
d:\Sandbox\VS2010\LengthCalculator\x64\Debug\link.8884-cvtres.read.1.tlog
d:\Sandbox\VS2010\LengthCalculator\x64\Debug\link.8884-cvtres.write.1.tlog
d:\Sandbox\VS2010\LengthCalculator\x64\Debug\link.8976.read.1.tlog
d:\Sandbox\VS2010\LengthCalculator\x64\Debug\link.8976.write.1.tlog
d:\Sandbox\VS2010\LengthCalculator\x64\Debug\link.8976-cvtres.read.1.tlog
d:\Sandbox\VS2010\LengthCalculator\x64\Debug\link.8976-cvtres.write.1.tlog
d:\Sandbox\VS2010\LengthCalculator\x64\Debug\link.command.1.tlog
d:\Sandbox\VS2010\LengthCalculator\x64\Debug\link.read.1.tlog
d:\Sandbox\VS2010\LengthCalculator\x64\Debug\link.write.1.tlog
d:\Sandbox\VS2010\LengthCalculator\x64\Debug\link-cvtres.read.1.tlog
d:\Sandbox\VS2010\LengthCalculator\x64\Debug\link-cvtres.write.1.tlog
D:\SANDBOX\VS2010\LENGTHCALCULATOR\X64\DEBUG\MAIN.OBJ
d:\Sandbox\VS2010\LengthCalculator\x64\Debug\mt.command.1.tlog
d:\Sandbox\VS2010\LengthCalculator\x64\Debug\mt.read.1.tlog
d:\Sandbox\VS2010\LengthCalculator\x64\Debug\mt.write.1.tlog
d:\Sandbox\VS2010\LengthCalculator\x64\Debug\rc.command.1.tlog
d:\Sandbox\VS2010\LengthCalculator\x64\Debug\rc.read.1.tlog
d:\Sandbox\VS2010\LengthCalculator\x64\Debug\rc.write.1.tlog
d:\Sandbox\VS2010\LengthCalculator\x64\Debug\vc100.idb
D:\SANDBOX\VS2010\LENGTHCALCULATOR\X64\DEBUG\VC100.PDB
