D:\SANDBOX\VS2010\BACKGROUNDDETECTION\X64\DEBUG\BACKGROUNDDETECTION.EXE
D:\SANDBOX\VS2010\BACKGROUNDDETECTION\X64\DEBUG\BACKGROUNDDETECTION.EXE.EMBED.MANIFEST
D:\SANDBOX\VS2010\BACKGROUNDDETECTION\X64\DEBUG\BACKGROUNDDETECTION.EXE.EMBED.MANIFEST.RES
D:\SANDBOX\VS2010\BACKGROUNDDETECTION\X64\DEBUG\BACKGROUNDDETECTION.EXE.INTERMEDIATE.MANIFEST
D:\SANDBOX\VS2010\BACKGROUNDDETECTION\X64\DEBUG\BACKGROUNDDETECTION.ILK
D:\SANDBOX\VS2010\BACKGROUNDDETECTION\X64\DEBUG\BACKGROUNDDETECTION.PDB
d:\Sandbox\VS2010\backgroundDetection\x64\Debug\backgroundDetection_manifest.rc
D:\SANDBOX\VS2010\BACKGROUNDDETECTION\X64\DEBUG\BGSUBMOG2.OBJ
d:\Sandbox\VS2010\backgroundDetection\x64\Debug\cl.command.1.tlog
d:\Sandbox\VS2010\backgroundDetection\x64\Debug\CL.read.1.tlog
d:\Sandbox\VS2010\backgroundDetection\x64\Debug\CL.write.1.tlog
D:\SANDBOX\VS2010\BACKGROUNDDETECTION\X64\DEBUG\IPBACKGROUND.OBJ
D:\SANDBOX\VS2010\BACKGROUNDDETECTION\X64\DEBUG\IPFOREGROUNDSIMPLE.OBJ
d:\Sandbox\VS2010\backgroundDetection\x64\Debug\link.4380.read.1.tlog
d:\Sandbox\VS2010\backgroundDetection\x64\Debug\link.4380.write.1.tlog
d:\Sandbox\VS2010\backgroundDetection\x64\Debug\link.4380-cvtres.read.1.tlog
d:\Sandbox\VS2010\backgroundDetection\x64\Debug\link.4380-cvtres.write.1.tlog
d:\Sandbox\VS2010\backgroundDetection\x64\Debug\link.7756.read.1.tlog
d:\Sandbox\VS2010\backgroundDetection\x64\Debug\link.7756.write.1.tlog
d:\Sandbox\VS2010\backgroundDetection\x64\Debug\link.7756-cvtres.read.1.tlog
d:\Sandbox\VS2010\backgroundDetection\x64\Debug\link.7756-cvtres.write.1.tlog
d:\Sandbox\VS2010\backgroundDetection\x64\Debug\link.7912.read.1.tlog
d:\Sandbox\VS2010\backgroundDetection\x64\Debug\link.7912.write.1.tlog
d:\Sandbox\VS2010\backgroundDetection\x64\Debug\link.7912-cvtres.read.1.tlog
d:\Sandbox\VS2010\backgroundDetection\x64\Debug\link.7912-cvtres.write.1.tlog
d:\Sandbox\VS2010\backgroundDetection\x64\Debug\link.8604.read.1.tlog
d:\Sandbox\VS2010\backgroundDetection\x64\Debug\link.8604.write.1.tlog
d:\Sandbox\VS2010\backgroundDetection\x64\Debug\link.8604-cvtres.read.1.tlog
d:\Sandbox\VS2010\backgroundDetection\x64\Debug\link.8604-cvtres.write.1.tlog
d:\Sandbox\VS2010\backgroundDetection\x64\Debug\link.command.1.tlog
d:\Sandbox\VS2010\backgroundDetection\x64\Debug\link.read.1.tlog
d:\Sandbox\VS2010\backgroundDetection\x64\Debug\link.write.1.tlog
d:\Sandbox\VS2010\backgroundDetection\x64\Debug\link-cvtres.read.1.tlog
d:\Sandbox\VS2010\backgroundDetection\x64\Debug\link-cvtres.write.1.tlog
D:\SANDBOX\VS2010\BACKGROUNDDETECTION\X64\DEBUG\MAIN.OBJ
d:\Sandbox\VS2010\backgroundDetection\x64\Debug\mt.command.1.tlog
d:\Sandbox\VS2010\backgroundDetection\x64\Debug\mt.read.1.tlog
d:\Sandbox\VS2010\backgroundDetection\x64\Debug\mt.write.1.tlog
d:\Sandbox\VS2010\backgroundDetection\x64\Debug\rc.command.1.tlog
d:\Sandbox\VS2010\backgroundDetection\x64\Debug\rc.read.1.tlog
d:\Sandbox\VS2010\backgroundDetection\x64\Debug\rc.write.1.tlog
d:\Sandbox\VS2010\backgroundDetection\x64\Debug\vc100.idb
D:\SANDBOX\VS2010\BACKGROUNDDETECTION\X64\DEBUG\VC100.PDB
