Build started 10/13/2012 12:47:04 PM.
     1>Project "d:\Sandbox\VS2010\LengthCalculator\LengthCalculator.vcxproj" on node 2 (build target(s)).
     1>InitializeBuildStatus:
         Creating "x64\Release\LengthCalculator.unsuccessfulbuild" because "AlwaysCreate" was specified.
       ClCompile:
         C:\Program Files (x86)\Microsoft Visual Studio 10.0\VC\bin\x86_amd64\CL.exe /c /Zi /nologo /W3 /WX- /O2 /Oi /GL /D WIN32 /D NDEBUG /D _CONSOLE /D _UNICODE /D UNICODE /Gm- /EHsc /MD /GS /Gy /fp:precise /Zc:wchar_t /Zc:forScope /Fo"x64\Release\\" /Fd"x64\Release\vc100.pdb" /Gd /TP /errorReport:prompt Source\ipBackground.cpp source\ipCapture.cpp source\ipFileRead.cpp source\ipBGFrameDiff.cpp source\ipgetlength.cpp source\ipTransform.cpp source\main.cpp
         ipBackground.cpp
         ipCapture.cpp
         ipFileRead.cpp
         ipBGFrameDiff.cpp
     1>source\ipBGFrameDiff.cpp(66): warning C4305: '=' : truncation from 'double' to 'float'
         ipgetlength.cpp
     1>source\ipgetlength.cpp(36): warning C4101: 'Difference' : unreferenced local variable
         ipTransform.cpp
         main.cpp
       Link:
         C:\Program Files (x86)\Microsoft Visual Studio 10.0\VC\bin\x86_amd64\link.exe /ERRORREPORT:PROMPT /OUT:"d:\Sandbox\VS2010\LengthCalculator\x64\Release\LengthCalculator.exe" /INCREMENTAL:NO /NOLOGO /LIBPATH:c:\opencv\libs opencv_core242d.lib opencv_imgproc242d.lib opencv_highgui242d.lib opencv_ml242d.lib opencv_video242d.lib opencv_features2d242d.lib opencv_calib3d242d.lib opencv_objdetect242d.lib opencv_contrib242d.lib opencv_legacy242d.lib opencv_flann242d.lib kernel32.lib user32.lib gdi32.lib winspool.lib comdlg32.lib advapi32.lib shell32.lib ole32.lib oleaut32.lib uuid.lib odbc32.lib odbccp32.lib /MANIFEST /ManifestFile:"x64\Release\LengthCalculator.exe.intermediate.manifest" /MANIFESTUAC:"level='asInvoker' uiAccess='false'" /DEBUG /PDB:"d:\Sandbox\VS2010\LengthCalculator\x64\Release\LengthCalculator.pdb" /SUBSYSTEM:CONSOLE /OPT:REF /OPT:ICF /LTCG /TLBID:1 /DYNAMICBASE /NXCOMPAT /IMPLIB:"d:\Sandbox\VS2010\LengthCalculator\x64\Release\LengthCalculator.lib" /MACHINE:X64 x64\Release\ipBackground.obj
         x64\Release\ipCapture.obj
         x64\Release\ipFileRead.obj
         x64\Release\ipBGFrameDiff.obj
         x64\Release\ipgetlength.obj
         x64\Release\ipTransform.obj
         x64\Release\main.obj
         Generating code
         Finished generating code
         LengthCalculator.vcxproj -> d:\Sandbox\VS2010\LengthCalculator\x64\Release\LengthCalculator.exe
       Manifest:
         C:\Program Files (x86)\Microsoft SDKs\Windows\v7.0A\bin\mt.exe /nologo /verbose /outputresource:"d:\Sandbox\VS2010\LengthCalculator\x64\Release\LengthCalculator.exe;#1" /manifest x64\Release\LengthCalculator.exe.intermediate.manifest
       FinalizeBuildStatus:
         Deleting file "x64\Release\LengthCalculator.unsuccessfulbuild".
         Touching "x64\Release\LengthCalculator.lastbuildstate".
     1>Done Building Project "d:\Sandbox\VS2010\LengthCalculator\LengthCalculator.vcxproj" (build target(s)).

Build succeeded.

Time Elapsed 00:00:08.87
