d:\Sandbox\VS2010\LengthCalculation-CalibrationUtility\x64\Debug\cl.command.1.tlog
d:\Sandbox\VS2010\LengthCalculation-CalibrationUtility\x64\Debug\CL.read.1.tlog
d:\Sandbox\VS2010\LengthCalculation-CalibrationUtility\x64\Debug\CL.write.1.tlog
D:\SANDBOX\VS2010\LENGTHCALCULATION-CALIBRATIONUTILITY\X64\DEBUG\DRAWPOINTS.OBJ
D:\SANDBOX\VS2010\LENGTHCALCULATION-CALIBRATIONUTILITY\X64\DEBUG\LENGTHCALCULATION-CALIBRATIONUTILITY.EXE.EMBED.MANIFEST
D:\SANDBOX\VS2010\LENGTHCALCULATION-CALIBRATIONUTILITY\X64\DEBUG\LENGTHCALCULATION-CALIBRATIONUTILITY.EXE.EMBED.MANIFEST.RES
d:\Sandbox\VS2010\LengthCalculation-CalibrationUtility\x64\Debug\LengthCalculation-CalibrationUtility.exe.intermediate.manifest
d:\Sandbox\VS2010\LengthCalculation-CalibrationUtility\x64\Debug\LengthCalculation-CalibrationUtility.pdb
d:\Sandbox\VS2010\LengthCalculation-CalibrationUtility\x64\Debug\LengthCalculation-CalibrationUtility_manifest.rc
d:\Sandbox\VS2010\LengthCalculation-CalibrationUtility\x64\Debug\link.14404.read.1.tlog
d:\Sandbox\VS2010\LengthCalculation-CalibrationUtility\x64\Debug\link.14404.write.1.tlog
d:\Sandbox\VS2010\LengthCalculation-CalibrationUtility\x64\Debug\link.14404-cvtres.read.1.tlog
d:\Sandbox\VS2010\LengthCalculation-CalibrationUtility\x64\Debug\link.14404-cvtres.write.1.tlog
d:\Sandbox\VS2010\LengthCalculation-CalibrationUtility\x64\Debug\link.command.1.tlog
d:\Sandbox\VS2010\LengthCalculation-CalibrationUtility\x64\Debug\link.read.1.tlog
d:\Sandbox\VS2010\LengthCalculation-CalibrationUtility\x64\Debug\link.write.1.tlog
d:\Sandbox\VS2010\LengthCalculation-CalibrationUtility\x64\Debug\link-cvtres.read.1.tlog
d:\Sandbox\VS2010\LengthCalculation-CalibrationUtility\x64\Debug\link-cvtres.write.1.tlog
D:\SANDBOX\VS2010\LENGTHCALCULATION-CALIBRATIONUTILITY\X64\DEBUG\MAIN.OBJ
d:\Sandbox\VS2010\LengthCalculation-CalibrationUtility\x64\Debug\mt.command.1.tlog
d:\Sandbox\VS2010\LengthCalculation-CalibrationUtility\x64\Debug\mt.read.1.tlog
d:\Sandbox\VS2010\LengthCalculation-CalibrationUtility\x64\Debug\mt.write.1.tlog
d:\Sandbox\VS2010\LengthCalculation-CalibrationUtility\x64\Debug\rc.command.1.tlog
d:\Sandbox\VS2010\LengthCalculation-CalibrationUtility\x64\Debug\rc.read.1.tlog
d:\Sandbox\VS2010\LengthCalculation-CalibrationUtility\x64\Debug\rc.write.1.tlog
d:\Sandbox\VS2010\LengthCalculation-CalibrationUtility\x64\Debug\vc100.idb
D:\SANDBOX\VS2010\LENGTHCALCULATION-CALIBRATIONUTILITY\X64\DEBUG\VC100.PDB
