Build started 10/22/2012 12:17:58 AM.
     1>Project "d:\Sandbox\VS2010\LengthCalculation-CalibrationUtility\LengthCalculation-CalibrationUtility.vcxproj" on node 2 (build target(s)).
     1>InitializeBuildStatus:
         Creating "x64\Debug\LengthCalculation-CalibrationUtility.unsuccessfulbuild" because "AlwaysCreate" was specified.
       ClCompile:
         C:\Program Files (x86)\Microsoft Visual Studio 10.0\VC\bin\x86_amd64\CL.exe /c /Zi /nologo /W3 /WX- /Od /D WIN32 /D _DEBUG /D _CONSOLE /D _UNICODE /D UNICODE /Gm /EHsc /RTC1 /MDd /GS /fp:precise /Zc:wchar_t /Zc:forScope /Fo"x64\Debug\\" /Fd"x64\Debug\vc100.pdb" /Gd /TP /errorReport:prompt source\main.cpp
         main.cpp
       ManifestResourceCompile:
         All outputs are up-to-date.
       Link:
         C:\Program Files (x86)\Microsoft Visual Studio 10.0\VC\bin\x86_amd64\link.exe /ERRORREPORT:PROMPT /OUT:"d:\Sandbox\VS2010\LengthCalculation-CalibrationUtility\x64\Debug\LengthCalculation-CalibrationUtility.exe" /INCREMENTAL /NOLOGO /LIBPATH:c:\opencv\libs opencv_core242d.lib opencv_imgproc242d.lib opencv_highgui242d.lib opencv_ml242d.lib opencv_video242d.lib opencv_features2d242d.lib opencv_calib3d242d.lib opencv_objdetect242d.lib opencv_contrib242d.lib opencv_legacy242d.lib opencv_flann242d.lib kernel32.lib user32.lib gdi32.lib winspool.lib comdlg32.lib advapi32.lib shell32.lib ole32.lib oleaut32.lib uuid.lib odbc32.lib odbccp32.lib /MANIFEST /ManifestFile:"x64\Debug\LengthCalculation-CalibrationUtility.exe.intermediate.manifest" /MANIFESTUAC:"level='asInvoker' uiAccess='false'" /DEBUG /PDB:"d:\Sandbox\VS2010\LengthCalculation-CalibrationUtility\x64\Debug\LengthCalculation-CalibrationUtility.pdb" /SUBSYSTEM:CONSOLE /TLBID:1 /DYNAMICBASE /NXCOMPAT /IMPLIB:"d:\Sandbox\VS2010\LengthCalculation-CalibrationUtility\x64\Debug\LengthCalculation-CalibrationUtility.lib" /MACHINE:X64 "x64\Debug\LengthCalculation-CalibrationUtility.exe.embed.manifest.res"
         x64\Debug\drawpoints.obj
         x64\Debug\ipCapture.obj
         x64\Debug\ipWriteFile.obj
         x64\Debug\main.obj
         LengthCalculation-CalibrationUtility.vcxproj -> d:\Sandbox\VS2010\LengthCalculation-CalibrationUtility\x64\Debug\LengthCalculation-CalibrationUtility.exe
       Manifest:
         C:\Program Files (x86)\Microsoft SDKs\Windows\v7.0A\bin\mt.exe /nologo /verbose /out:"x64\Debug\LengthCalculation-CalibrationUtility.exe.embed.manifest" /manifest "x64\Debug\LengthCalculation-CalibrationUtility.exe.intermediate.manifest"
         All outputs are up-to-date.
       LinkEmbedManifest:
         All outputs are up-to-date.
         LengthCalculation-CalibrationUtility.vcxproj -> d:\Sandbox\VS2010\LengthCalculation-CalibrationUtility\x64\Debug\LengthCalculation-CalibrationUtility.exe
       FinalizeBuildStatus:
         Deleting file "x64\Debug\LengthCalculation-CalibrationUtility.unsuccessfulbuild".
         Touching "x64\Debug\LengthCalculation-CalibrationUtility.lastbuildstate".
     1>Done Building Project "d:\Sandbox\VS2010\LengthCalculation-CalibrationUtility\LengthCalculation-CalibrationUtility.vcxproj" (build target(s)).

Build succeeded.

Time Elapsed 00:00:02.45
