d:\Sandbox\VS2010\ipSpeedDetection\x64\Debug\cl.command.1.tlog
d:\Sandbox\VS2010\ipSpeedDetection\x64\Debug\CL.read.1.tlog
d:\Sandbox\VS2010\ipSpeedDetection\x64\Debug\CL.write.1.tlog
D:\SANDBOX\VS2010\IPSPEEDDETECTION\X64\DEBUG\IPSPEEDDETECTION.EXE
D:\SANDBOX\VS2010\IPSPEEDDETECTION\X64\DEBUG\IPSPEEDDETECTION.EXE.EMBED.MANIFEST
D:\SANDBOX\VS2010\IPSPEEDDETECTION\X64\DEBUG\IPSPEEDDETECTION.EXE.EMBED.MANIFEST.RES
D:\SANDBOX\VS2010\IPSPEEDDETECTION\X64\DEBUG\IPSPEEDDETECTION.EXE.INTERMEDIATE.MANIFEST
D:\SANDBOX\VS2010\IPSPEEDDETECTION\X64\DEBUG\IPSPEEDDETECTION.ILK
D:\SANDBOX\VS2010\IPSPEEDDETECTION\X64\DEBUG\IPSPEEDDETECTION.PDB
d:\Sandbox\VS2010\ipSpeedDetection\x64\Debug\ipSpeedDetection_manifest.rc
d:\Sandbox\VS2010\ipSpeedDetection\x64\Debug\link.9692.read.1.tlog
d:\Sandbox\VS2010\ipSpeedDetection\x64\Debug\link.9692.write.1.tlog
d:\Sandbox\VS2010\ipSpeedDetection\x64\Debug\link.9692-cvtres.read.1.tlog
d:\Sandbox\VS2010\ipSpeedDetection\x64\Debug\link.9692-cvtres.write.1.tlog
d:\Sandbox\VS2010\ipSpeedDetection\x64\Debug\link.command.1.tlog
d:\Sandbox\VS2010\ipSpeedDetection\x64\Debug\link.read.1.tlog
d:\Sandbox\VS2010\ipSpeedDetection\x64\Debug\link.write.1.tlog
d:\Sandbox\VS2010\ipSpeedDetection\x64\Debug\link-cvtres.read.1.tlog
d:\Sandbox\VS2010\ipSpeedDetection\x64\Debug\link-cvtres.write.1.tlog
D:\SANDBOX\VS2010\IPSPEEDDETECTION\X64\DEBUG\MAIN.OBJ
d:\Sandbox\VS2010\ipSpeedDetection\x64\Debug\mt.command.1.tlog
d:\Sandbox\VS2010\ipSpeedDetection\x64\Debug\mt.read.1.tlog
d:\Sandbox\VS2010\ipSpeedDetection\x64\Debug\mt.write.1.tlog
d:\Sandbox\VS2010\ipSpeedDetection\x64\Debug\rc.command.1.tlog
d:\Sandbox\VS2010\ipSpeedDetection\x64\Debug\rc.read.1.tlog
d:\Sandbox\VS2010\ipSpeedDetection\x64\Debug\rc.write.1.tlog
d:\Sandbox\VS2010\ipSpeedDetection\x64\Debug\vc100.idb
D:\SANDBOX\VS2010\IPSPEEDDETECTION\X64\DEBUG\VC100.PDB
