Build started 10/23/2012 11:59:22 PM.
     1>Project "d:\Sandbox\VS2010\VisLenMeasSys\VisLenMeasSys.vcxproj" on node 2 (build target(s)).
     1>InitializeBuildStatus:
         Creating "x64\Debug\VisLenMeasSys.unsuccessfulbuild" because "AlwaysCreate" was specified.
       ClCompile:
         C:\Program Files (x86)\Microsoft Visual Studio 10.0\VC\bin\x86_amd64\CL.exe /c /Zi /nologo /W3 /WX- /Od /D WIN32 /D _DEBUG /D _CONSOLE /D _UNICODE /D UNICODE /Gm /EHsc /RTC1 /MDd /GS /fp:precise /Zc:wchar_t /Zc:forScope /Fo"x64\Debug\\" /Fd"x64\Debug\vc100.pdb" /Gd /TP /errorReport:prompt Source\ipRunningAverage.cpp Source\ipgetlength.cpp
         ipgetlength.cpp
         ipRunningAverage.cpp
     1>Source\ipRunningAverage.cpp(29): warning C4305: 'initializing' : truncation from 'double' to 'const float'
         Generating Code...
       ManifestResourceCompile:
         All outputs are up-to-date.
       Link:
         C:\Program Files (x86)\Microsoft Visual Studio 10.0\VC\bin\x86_amd64\link.exe /ERRORREPORT:PROMPT /OUT:"d:\Sandbox\VS2010\VisLenMeasSys\x64\Debug\VisLenMeasSys.exe" /INCREMENTAL /NOLOGO /LIBPATH:c:\opencv\libs opencv_core242d.lib opencv_imgproc242d.lib opencv_highgui242d.lib opencv_ml242d.lib opencv_video242d.lib opencv_features2d242d.lib opencv_calib3d242d.lib opencv_objdetect242d.lib opencv_contrib242d.lib opencv_legacy242d.lib opencv_flann242d.lib kernel32.lib user32.lib gdi32.lib winspool.lib comdlg32.lib advapi32.lib shell32.lib ole32.lib oleaut32.lib uuid.lib odbc32.lib odbccp32.lib /MANIFEST /ManifestFile:"x64\Debug\VisLenMeasSys.exe.intermediate.manifest" /MANIFESTUAC:"level='asInvoker' uiAccess='false'" /DEBUG /PDB:"d:\Sandbox\VS2010\VisLenMeasSys\x64\Debug\VisLenMeasSys.pdb" /SUBSYSTEM:CONSOLE /TLBID:1 /DYNAMICBASE /NXCOMPAT /IMPLIB:"d:\Sandbox\VS2010\VisLenMeasSys\x64\Debug\VisLenMeasSys.lib" /MACHINE:X64 x64\Debug\VisLenMeasSys.exe.embed.manifest.res
         x64\Debug\demo.obj
         x64\Debug\ipBGFrameDiff.obj
         x64\Debug\ipBlobOperations.obj
         x64\Debug\ipCapture.obj
         x64\Debug\ipContourScanner.obj
         x64\Debug\ipFileRead.obj
         x64\Debug\ipgetlength.obj
         x64\Debug\ipMorph.obj
         x64\Debug\ipRunningAverage.obj
         x64\Debug\ipTransform.obj
         x64\Debug\main.obj
         x64\Debug\winevents.obj
         VisLenMeasSys.vcxproj -> d:\Sandbox\VS2010\VisLenMeasSys\x64\Debug\VisLenMeasSys.exe
       Manifest:
         C:\Program Files (x86)\Microsoft SDKs\Windows\v7.0A\bin\mt.exe /nologo /verbose /out:"x64\Debug\VisLenMeasSys.exe.embed.manifest" /manifest x64\Debug\VisLenMeasSys.exe.intermediate.manifest
         All outputs are up-to-date.
       LinkEmbedManifest:
         All outputs are up-to-date.
         VisLenMeasSys.vcxproj -> d:\Sandbox\VS2010\VisLenMeasSys\x64\Debug\VisLenMeasSys.exe
       FinalizeBuildStatus:
         Deleting file "x64\Debug\VisLenMeasSys.unsuccessfulbuild".
         Touching "x64\Debug\VisLenMeasSys.lastbuildstate".
     1>Done Building Project "d:\Sandbox\VS2010\VisLenMeasSys\VisLenMeasSys.vcxproj" (build target(s)).

Build succeeded.

Time Elapsed 00:00:03.97
