Build started 9/16/2012 11:46:29 AM.
     1>Project "D:\Sandbox\VS2010\camshiftdemo\camshiftdemo\camshiftdemo.vcxproj" on node 2 (build target(s)).
     1>PrepareForBuild:
         Creating directory "d:\Sandbox\VS2010\helloopencv\x64\Debug\".
       InitializeBuildStatus:
         Creating "x64\Debug\camshiftdemo.unsuccessfulbuild" because "AlwaysCreate" was specified.
       ClCompile:
         C:\Program Files (x86)\Microsoft Visual Studio 10.0\VC\bin\x86_amd64\CL.exe /c /Zi /nologo /W3 /WX- /Od /D WIN32 /D _DEBUG /D _CONSOLE /D _UNICODE /D UNICODE /Gm /EHsc /RTC1 /MDd /GS /fp:precise /Zc:wchar_t /Zc:forScope /Fo"x64\Debug\\" /Fd"x64\Debug\vc100.pdb" /Gd /TP /errorReport:prompt src\camshiftdemo.cpp
         camshiftdemo.cpp
       ManifestResourceCompile:
         C:\Program Files (x86)\Microsoft SDKs\Windows\v7.0A\bin\rc.exe /nologo /fo"x64\Debug\camshiftdemo.exe.embed.manifest.res" x64\Debug\camshiftdemo_manifest.rc 
       Link:
         C:\Program Files (x86)\Microsoft Visual Studio 10.0\VC\bin\x86_amd64\link.exe /ERRORREPORT:PROMPT /OUT:"d:\Sandbox\VS2010\helloopencv\x64\Debug\camshiftdemo.exe" /INCREMENTAL /NOLOGO /LIBPATH:c:\opencv\libs opencv_core242d.lib opencv_imgproc242d.lib opencv_highgui242d.lib opencv_ml242d.lib opencv_video242d.lib opencv_features2d242d.lib opencv_calib3d242d.lib opencv_objdetect242d.lib opencv_contrib242d.lib opencv_legacy242d.lib opencv_flann242d.lib kernel32.lib user32.lib gdi32.lib winspool.lib comdlg32.lib advapi32.lib shell32.lib ole32.lib oleaut32.lib uuid.lib odbc32.lib odbccp32.lib /MANIFEST /ManifestFile:"x64\Debug\camshiftdemo.exe.intermediate.manifest" /MANIFESTUAC:"level='asInvoker' uiAccess='false'" /DEBUG /PDB:"d:\Sandbox\VS2010\helloopencv\x64\Debug\camshiftdemo.pdb" /SUBSYSTEM:CONSOLE /TLBID:1 /DYNAMICBASE /NXCOMPAT /IMPLIB:"d:\Sandbox\VS2010\helloopencv\x64\Debug\camshiftdemo.lib" /MACHINE:X64 x64\Debug\camshiftdemo.exe.embed.manifest.res
         x64\Debug\camshiftdemo.obj
         camshiftdemo.vcxproj -> d:\Sandbox\VS2010\helloopencv\x64\Debug\camshiftdemo.exe
       Manifest:
         C:\Program Files (x86)\Microsoft SDKs\Windows\v7.0A\bin\mt.exe /nologo /verbose /out:"x64\Debug\camshiftdemo.exe.embed.manifest" /manifest x64\Debug\camshiftdemo.exe.intermediate.manifest
         C:\Program Files (x86)\Microsoft SDKs\Windows\v7.0A\bin\rc.exe /nologo /fo"x64\Debug\camshiftdemo.exe.embed.manifest.res" x64\Debug\camshiftdemo_manifest.rc 
       LinkEmbedManifest:
         C:\Program Files (x86)\Microsoft Visual Studio 10.0\VC\bin\x86_amd64\link.exe /ERRORREPORT:PROMPT /OUT:"d:\Sandbox\VS2010\helloopencv\x64\Debug\camshiftdemo.exe" /INCREMENTAL /NOLOGO /LIBPATH:c:\opencv\libs opencv_core242d.lib opencv_imgproc242d.lib opencv_highgui242d.lib opencv_ml242d.lib opencv_video242d.lib opencv_features2d242d.lib opencv_calib3d242d.lib opencv_objdetect242d.lib opencv_contrib242d.lib opencv_legacy242d.lib opencv_flann242d.lib kernel32.lib user32.lib gdi32.lib winspool.lib comdlg32.lib advapi32.lib shell32.lib ole32.lib oleaut32.lib uuid.lib odbc32.lib odbccp32.lib /MANIFEST /ManifestFile:"x64\Debug\camshiftdemo.exe.intermediate.manifest" /MANIFESTUAC:"level='asInvoker' uiAccess='false'" /DEBUG /PDB:"d:\Sandbox\VS2010\helloopencv\x64\Debug\camshiftdemo.pdb" /SUBSYSTEM:CONSOLE /TLBID:1 /DYNAMICBASE /NXCOMPAT /IMPLIB:"d:\Sandbox\VS2010\helloopencv\x64\Debug\camshiftdemo.lib" /MACHINE:X64 x64\Debug\camshiftdemo.exe.embed.manifest.res
         x64\Debug\camshiftdemo.obj
         camshiftdemo.vcxproj -> d:\Sandbox\VS2010\helloopencv\x64\Debug\camshiftdemo.exe
       FinalizeBuildStatus:
         Deleting file "x64\Debug\camshiftdemo.unsuccessfulbuild".
         Touching "x64\Debug\camshiftdemo.lastbuildstate".
     1>Done Building Project "D:\Sandbox\VS2010\camshiftdemo\camshiftdemo\camshiftdemo.vcxproj" (build target(s)).

Build succeeded.

Time Elapsed 00:00:06.15
