D:\Sandbox\VS2010\camshiftdemo\camshiftdemo\x64\Debug\camshiftdemo.exe.embed.manifest
D:\Sandbox\VS2010\camshiftdemo\camshiftdemo\x64\Debug\camshiftdemo.exe.embed.manifest.res
D:\Sandbox\VS2010\camshiftdemo\camshiftdemo\x64\Debug\camshiftdemo.exe.intermediate.manifest
D:\Sandbox\VS2010\camshiftdemo\camshiftdemo\x64\Debug\camshiftdemo.obj
D:\Sandbox\VS2010\camshiftdemo\camshiftdemo\x64\Debug\camshiftdemo_manifest.rc
D:\Sandbox\VS2010\camshiftdemo\camshiftdemo\x64\Debug\cl.command.1.tlog
D:\Sandbox\VS2010\camshiftdemo\camshiftdemo\x64\Debug\CL.read.1.tlog
D:\Sandbox\VS2010\camshiftdemo\camshiftdemo\x64\Debug\CL.write.1.tlog
D:\Sandbox\VS2010\camshiftdemo\camshiftdemo\x64\Debug\link.4320.read.1.tlog
D:\Sandbox\VS2010\camshiftdemo\camshiftdemo\x64\Debug\link.4320.write.1.tlog
D:\Sandbox\VS2010\camshiftdemo\camshiftdemo\x64\Debug\link.4320-cvtres.read.1.tlog
D:\Sandbox\VS2010\camshiftdemo\camshiftdemo\x64\Debug\link.4320-cvtres.write.1.tlog
D:\Sandbox\VS2010\camshiftdemo\camshiftdemo\x64\Debug\link.command.1.tlog
D:\Sandbox\VS2010\camshiftdemo\camshiftdemo\x64\Debug\link.read.1.tlog
D:\Sandbox\VS2010\camshiftdemo\camshiftdemo\x64\Debug\link.write.1.tlog
D:\Sandbox\VS2010\camshiftdemo\camshiftdemo\x64\Debug\link-cvtres.read.1.tlog
D:\Sandbox\VS2010\camshiftdemo\camshiftdemo\x64\Debug\link-cvtres.write.1.tlog
D:\Sandbox\VS2010\camshiftdemo\camshiftdemo\x64\Debug\mt.command.1.tlog
D:\Sandbox\VS2010\camshiftdemo\camshiftdemo\x64\Debug\mt.read.1.tlog
D:\Sandbox\VS2010\camshiftdemo\camshiftdemo\x64\Debug\mt.write.1.tlog
D:\Sandbox\VS2010\camshiftdemo\camshiftdemo\x64\Debug\rc.command.1.tlog
D:\Sandbox\VS2010\camshiftdemo\camshiftdemo\x64\Debug\rc.read.1.tlog
D:\Sandbox\VS2010\camshiftdemo\camshiftdemo\x64\Debug\rc.write.1.tlog
D:\Sandbox\VS2010\camshiftdemo\camshiftdemo\x64\Debug\vc100.idb
D:\Sandbox\VS2010\camshiftdemo\camshiftdemo\x64\Debug\vc100.pdb
G:\SANDBOX\VS2010\CAMSHIFTDEMO\CAMSHIFTDEMO\X64\DEBUG\CAMSHIFTDEMO.EXE.EMBED.MANIFEST
G:\SANDBOX\VS2010\CAMSHIFTDEMO\CAMSHIFTDEMO\X64\DEBUG\CAMSHIFTDEMO.EXE.EMBED.MANIFEST.RES
G:\SANDBOX\VS2010\CAMSHIFTDEMO\CAMSHIFTDEMO\X64\DEBUG\CAMSHIFTDEMO.EXE.INTERMEDIATE.MANIFEST
G:\SANDBOX\VS2010\CAMSHIFTDEMO\CAMSHIFTDEMO\X64\DEBUG\CAMSHIFTDEMO.OBJ
G:\SANDBOX\VS2010\CAMSHIFTDEMO\CAMSHIFTDEMO\X64\DEBUG\VC100.PDB
G:\SANDBOX\VS2010\CAMSHIFTDEMO\X64\DEBUG\CAMSHIFTDEMO.EXE
G:\SANDBOX\VS2010\CAMSHIFTDEMO\X64\DEBUG\CAMSHIFTDEMO.ILK
G:\SANDBOX\VS2010\CAMSHIFTDEMO\X64\DEBUG\CAMSHIFTDEMO.PDB
